<?xml version="1.0" encoding="UTF-8"?>
<Site BuildName="(empty)"
	BuildStamp="20260623-1408-Experimental"
	Name="(empty)"
	Generator="ctest-4.2.3"
	CompilerName=""
	CompilerVersion=""
	OSName="Linux"
	Hostname="QUANGHUY"
	OSRelease="6.18.33.1-microsoft-standard-WSL2"
	OSVersion="#1 SMP PREEMPT_DYNAMIC Fri Jun  5 01:12:21 UTC 2026"
	OSPlatform="x86_64"
	Is64Bits="1"
	VendorString="AuthenticAMD"
	VendorID="Advanced Micro Devices"
	FamilyID="25"
	ModelID="80"
	ModelName="AMD Ryzen 5 5600H with Radeon Graphics"
	ProcessorCacheSize="512"
	NumberOfLogicalCPU="12"
	NumberOfPhysicalCPU="6"
	TotalVirtualMemory="2048"
	TotalPhysicalMemory="6858"
	LogicalProcessorsPerPhysical="2"
	ProcessorClockFrequency="3293.73"
	>
	<Testing>
		<StartDateTime>Jun 23 21:50 +07</StartDateTime>
		<StartTestTime>1782226200</StartTestTime>
		<TestList/>
		<EndDateTime>Jun 23 21:50 +07</EndDateTime>
		<EndTestTime>1782226200</EndTestTime>
		<ElapsedMinutes>0</ElapsedMinutes>
	</Testing>
</Site>
